<?xml version="1.0" encoding="UTF-8"?>
<testsuite name="com.example.music_catalog_api.MusicCatalogApiApplicationTests" tests="1" skipped="0" failures="0" errors="0" timestamp="2026-02-26T22:43:08.350Z" hostname="Mac.lan" time="1.252">
  <properties/>
  <testcase name="contextLoads()" classname="com.example.music_catalog_api.MusicCatalogApiApplicationTests" time="0.31"/>
  <system-out><![CDATA[17:43:08.408 [Test worker] INFO org.springframework.test.context.support.AnnotationConfigContextLoaderUtils -- Could not detect default configuration classes for test class [com.example.music_catalog_api.MusicCatalogApiApplicationTests]: MusicCatalogApiApplicationTests does not declare any static, non-private, non-final, nested classes annotated with @Configuration.
17:43:08.443 [Test worker] INFO org.springframework.boot.test.context.SpringBootTestContextBootstrapper -- Found @SpringBootConfiguration com.example.music_catalog_api.MusicCatalogApiApplication for test class com.example.music_catalog_api.MusicCatalogApiApplicationTests

  .   ____          _            __ _ _
 /\\ / ___'_ __ _ _(_)_ __  __ _ \ \ \ \
( ( )\___ | '_ | '_| | '_ \/ _` | \ \ \ \
 \\/  ___)| |_)| | | | | || (_| |  ) ) ) )
  '  |____| .__|_| |_|_| |_\__, | / / / /
 =========|_|==============|___/=/_/_/_/

 :: Spring Boot ::                (v4.0.3)

2026-02-26T17:43:08.579-05:00  INFO 65280 --- [    Test worker] c.e.m.MusicCatalogApiApplicationTests    : Starting MusicCatalogApiApplicationTests using Java 17.0.18 with PID 65280 (started by drp in /Users/drp/CodingProjects/music-catalog-api)
2026-02-26T17:43:08.579-05:00  INFO 65280 --- [    Test worker] c.e.m.MusicCatalogApiApplicationTests    : No active profile set, falling back to 1 default profile: "default"
2026-02-26T17:43:08.891-05:00  INFO 65280 --- [    Test worker] .s.d.r.c.RepositoryConfigurationDelegate : Bootstrapping Spring Data MongoDB repositories in DEFAULT mode.
2026-02-26T17:43:08.909-05:00  INFO 65280 --- [    Test worker] .s.d.r.c.RepositoryConfigurationDelegate : Finished Spring Data repository scanning in 14 ms. Found 3 MongoDB repository interfaces.
2026-02-26T17:43:09.014-05:00  INFO 65280 --- [    Test worker] org.mongodb.driver.client                : MongoClient with metadata {"driver": {"name": "mongo-java-driver|spring-boot|sync", "version": "5.6.3"}, "os": {"type": "Darwin", "name": "Mac OS X", "architecture": "aarch64", "version": "26.3"}, "platform": "Java/Homebrew/17.0.18+0"} created with settings MongoClientSettings{readPreference=primary, writeConcern=WriteConcern{w=null, wTimeout=null ms, journal=null}, retryWrites=true, retryReads=true, readConcern=ReadConcern{level=null}, credential=null, transportSettings=null, commandListeners=[], codecRegistry=ProvidersCodecRegistry{codecProviders=[ValueCodecProvider{}, BsonValueCodecProvider{}, DBRefCodecProvider{}, DBObjectCodecProvider{}, DocumentCodecProvider{}, CollectionCodecProvider{}, IterableCodecProvider{}, MapCodecProvider{}, GeoJsonCodecProvider{}, GridFSFileCodecProvider{}, Jsr310CodecProvider{}, JsonObjectCodecProvider{}, BsonCodecProvider{}, com.mongodb.client.model.mql.ExpressionCodecProvider@4cc12db2, com.mongodb.Jep395RecordCodecProvider@5ea7bc4, com.mongodb.KotlinCodecProvider@39d77de9, EnumCodecProvider{}]}, loggerSettings=LoggerSettings{maxDocumentLength=1000}, clusterSettings={hosts=[localhost:27017], srvServiceName=mongodb, mode=SINGLE, requiredClusterType=UNKNOWN, requiredReplicaSetName='null', serverSelector='null', clusterListeners='[]', serverSelectionTimeout='30000 ms', localThreshold='15 ms'}, socketSettings=SocketSettings{connectTimeoutMS=10000, readTimeoutMS=0, receiveBufferSize=0, proxySettings=ProxySettings{host=null, port=null, username=null, password=null}}, heartbeatSocketSettings=SocketSettings{connectTimeoutMS=10000, readTimeoutMS=10000, receiveBufferSize=0, proxySettings=ProxySettings{host=null, port=null, username=null, password=null}}, connectionPoolSettings=ConnectionPoolSettings{maxSize=100, minSize=0, maxWaitTimeMS=120000, maxConnectionLifeTimeMS=0, maxConnectionIdleTimeMS=0, maintenanceInitialDelayMS=0, maintenanceFrequencyMS=60000, connectionPoolListeners=[], maxConnecting=2}, serverSettings=ServerSettings{heartbeatFrequencyMS=10000, minHeartbeatFrequencyMS=500, serverMonitoringMode=AUTO, serverListeners='[]', serverMonitorListeners='[]'}, sslSettings=SslSettings{enabled=false, invalidHostNameAllowed=false, context=null}, applicationName='null', compressorList=[], uuidRepresentation=UNSPECIFIED, serverApi=null, autoEncryptionSettings=null, dnsClient=null, inetAddressResolver=null, contextProvider=null, timeoutMS=null}
2026-02-26T17:43:09.021-05:00  INFO 65280 --- [localhost:27017] org.mongodb.driver.cluster               : Monitor thread successfully connected to server with description ServerDescription{address=localhost:27017, type=STANDALONE, cryptd=false, state=CONNECTED, ok=true, minWireVersion=0, maxWireVersion=27, maxDocumentSize=16777216, logicalSessionTimeoutMinutes=30, roundTripTimeNanos=6136833, minRoundTripTimeNanos=0}
2026-02-26T17:43:09.266-05:00  INFO 65280 --- [    Test worker] c.e.m.MusicCatalogApiApplicationTests    : Started MusicCatalogApiApplicationTests in 0.768 seconds (process running for 1.269)
2026-02-26T17:43:09.288-05:00  INFO 65280 --- [    Test worker] com.example.music_catalog_api.Main       : Data already exists, skipping sample data insertion.
]]></system-out>
  <system-err><![CDATA[]]></system-err>
</testsuite>
